<?xml version="1.0" encoding="UTF-8"?>
<testsuite xmlns:xsi="http://www.w3.org/2001/XMLSchema-instance" xsi:noNamespaceSchemaLocation="https://maven.apache.org/surefire/maven-surefire-plugin/xsd/surefire-test-report-3.0.xsd" version="3.0" name="RunCucumberTest" time="14.799" tests="1" errors="0" skipped="0" failures="0">
  <properties>
[...]
</properties>
  <testcase name="Verify users can login with valid credentials." classname="Login to an e-commerce website." time="13.863">
    <system-out><![CDATA[
Scenario Outline: Verify users can login with valid credentials.         &amp#27;[90m# login.feature:9&amp#27;[0m
  &amp#27;[32mGiven &amp#27;[0m&amp#27;[32mUser visits e-commerce website.&amp#27;[0m                                  &amp#27;[90m# stepDefinitions.user_visits_e_commerce_website()&amp#27;[0m
  &amp#27;[32mWhen &amp#27;[0m&amp#27;[32mUser enters valid &amp#27;[0m&amp#27;[32m&amp#27;[1m"cucumbertest@aro.com"&amp#27;[0m&amp#27;[32m and valid &amp#27;[0m&amp#27;[32m&amp#27;[1m"cucumber123"&amp#27;[0m&amp#27;[32m.&amp#27;[0m &amp#27;[90m# stepDefinitions.user_enters_valid_credentials(java.lang.String,java.lang.String)&amp#27;[0m
  &amp#27;[32mThen &amp#27;[0m&amp#27;[32mUsers logged in succesfully.&amp#27;[0m                                      &amp#27;[90m# stepDefinitions.users_logged_in_succesfully()&amp#27;[0m
]]></system-out>
    <system-err><![CDATA[SLF4J: Failed to load class "org.slf4j.impl.StaticLoggerBinder".
SLF4J: Defaulting to no-operation (NOP) logger implementation
SLF4J: See http://www.slf4j.org/codes.html#StaticLoggerBinder for further details.
1687110357276	geckodriver	INFO	Listening on 127.0.0.1:21211
1687110357747	mozrunner::runner	INFO	Running command: "C:\\Program Files\\Mozilla Firefox\\firefox.exe" "--marionette" "--headed" "--remote-debugging-port" "46567 ... ://localhost:46567/,http://[::1]:46567/" "-no-remote" "-profile" "C:\\Users\\HP\\AppData\\Local\\Temp\\rust_mozprofilectYq9Y"
console.warn: services.settings: Ignoring preference override of remote settings server
console.warn: services.settings: Allow by setting MOZ_REMOTE_SETTINGS_DEVTOOLS=1 in the environment
1687110358185	Marionette	INFO	Marionette enabled
Dynamically enable window occlusion 0
1687110358190	Marionette	INFO	Listening on port 65225
console.error: "Warning: unrecognized command line flag -headed\n"
WebDriver BiDi listening on ws://127.0.0.1:46567
Read port: 65225
1687110358535	RemoteAgent	WARN	TLS certificate errors will be ignored for this session
DevTools listening on ws://127.0.0.1:46567/devtools/browser/710181c6-5448-48ba-89c8-ec18fa0b1145
console.warn: LoginRecipes: "Falling back to a synchronous message for: http://www.automationpractice.pl."
console.warn: LoginRecipes: "Falling back to a synchronous message for: http://www.automationpractice.pl."
1687110368780	RemoteAgent	INFO	Perform WebSocket upgrade for incoming connection from 127.0.0.1:65266
1687110368784	CDP	WARN	Invalid browser preferences for CDP. Set "fission.webContentIsolationStrategy"to 0 and "fission.bfcacheInParent" to false before Firefox starts.
1687110368835	Marionette	INFO	Stopped listening on port 65225
Dynamically enable window occlusion 1
]]></system-err>
  </testcase>
</testsuite>